// 重构日志: 2bf5c770
// 重构日志: 12cfedbf
// 重构日志: 786faff9
// 重构日志: e2ff9339
// 同步 ID: 8afe2ea1 @ Sat Jun  6 14:37:37 UTC 2026
// 同步 ID: fa5bccb7 @ Sat Jun  6 16:47:27 UTC 2026
// 重构日志: 8f5a31c3
// 重构日志: e05f6644
// 同步 ID: dced2eb2 @ Mon Jun  8 00:44:12 UTC 2026
// 重构日志: 1d0ca1c0
// 重构日志: 100657f8
// 重构日志: 8a324bcd
// 重构日志: 14d4ffa0
// 重构日志: 22e74acd
// 重构日志: 0d2d0f5e
// 重构日志: a67a0a22
// 重构日志: 2afeac25
// 重构日志: 6875d3ad
// 重构日志: f741dd4d
// 同步 ID: 33ac292b @ Sun Jun 14 00:06:49 UTC 2026
// 同步 ID: b0e2fb54 @ Sun Jun 14 05:33:38 UTC 2026
// 重构日志: fdfa9b73
// 重构日志: 4c0c9f51
// 重构日志: d84878ba
// 重构日志: 20a97e5d
// 同步 ID: 193b392e @ Wed Jun 17 00:18:01 UTC 2026
// 重构日志: 03548c36
// 重构日志: 27956a61
// 同步 ID: 875b3347 @ Thu Jun 18 14:38:05 UTC 2026
// 同步 ID: 849eef2a @ Thu Jun 18 17:59:31 UTC 2026
// 重构日志: e0d58789
